2020-06-19 14:43:41.928  INFO 13776 --- [restartedMain] l.m.c.community.CommunityApplication     : Starting CommunityApplication on LAPTOP-UVI0B15D with PID 13776 (E:\FHT\code\community\target\classes started by fht in E:\FHT\code\community)
2020-06-19 14:43:41.930  INFO 13776 --- [restartedMain] l.m.c.community.CommunityApplication     : No active profile set, falling back to default profiles: default
2020-06-19 14:43:41.977  INFO 13776 --- [restartedMain] .e.DevToolsPropertyDefaultsPostProcessor : Devtools property defaults active! Set 'spring.devtools.add-properties' to 'false' to disable
2020-06-19 14:43:41.977  INFO 13776 --- [restartedMain] .e.DevToolsPropertyDefaultsPostProcessor : For additional web related logging consider setting the 'logging.level.web' property to 'DEBUG'
2020-06-19 14:43:42.920  INFO 13776 --- [restartedMain] o.s.b.w.embedded.tomcat.TomcatWebServer  : Tomcat initialized with port(s): 8080 (http)
2020-06-19 14:43:42.934  INFO 13776 --- [restartedMain] o.apache.catalina.core.StandardService   : Starting service [Tomcat]
2020-06-19 14:43:42.934  INFO 13776 --- [restartedMain] org.apache.catalina.core.StandardEngine  : Starting Servlet engine: [Apache Tomcat/9.0.34]
2020-06-19 14:43:42.991  INFO 13776 --- [restartedMain] o.a.c.c.C.[Tomcat].[localhost].[/]       : Initializing Spring embedded WebApplicationContext
2020-06-19 14:43:42.991  INFO 13776 --- [restartedMain] o.s.web.context.ContextLoader            : Root WebApplicationContext: initialization completed in 1014 ms
2020-06-19 14:43:43.385  INFO 13776 --- [restartedMain] o.s.s.concurrent.ThreadPoolTaskExecutor  : Initializing ExecutorService 'applicationTaskExecutor'
2020-06-19 14:43:43.427  INFO 13776 --- [restartedMain] o.s.b.a.w.s.WelcomePageHandlerMapping    : Adding welcome page template: index
2020-06-19 14:43:43.572  INFO 13776 --- [restartedMain] o.s.b.d.a.OptionalLiveReloadServer       : LiveReload server is running on port 35729
2020-06-19 14:43:43.607  INFO 13776 --- [restartedMain] o.s.b.w.embedded.tomcat.TomcatWebServer  : Tomcat started on port(s): 8080 (http) with context path ''
2020-06-19 14:43:43.609  INFO 13776 --- [restartedMain] l.m.c.community.CommunityApplication     : Started CommunityApplication in 1.946 seconds (JVM running for 2.605)
2020-06-19 14:46:28.812  INFO 13776 --- [Thread-11] o.s.s.concurrent.ThreadPoolTaskExecutor  : Shutting down ExecutorService 'applicationTaskExecutor'
2020-06-19 14:46:29.128  INFO 13776 --- [restartedMain] l.m.c.community.CommunityApplication     : Starting CommunityApplication on LAPTOP-UVI0B15D with PID 13776 (E:\FHT\code\community\target\classes started by fht in E:\FHT\code\community)
2020-06-19 14:46:29.129  INFO 13776 --- [restartedMain] l.m.c.community.CommunityApplication     : No active profile set, falling back to default profiles: default
2020-06-19 14:46:29.345  INFO 13776 --- [restartedMain] o.s.b.w.embedded.tomcat.TomcatWebServer  : Tomcat initialized with port(s): 8080 (http)
2020-06-19 14:46:29.346  INFO 13776 --- [restartedMain] o.apache.catalina.core.StandardService   : Starting service [Tomcat]
2020-06-19 14:46:29.346  INFO 13776 --- [restartedMain] org.apache.catalina.core.StandardEngine  : Starting Servlet engine: [Apache Tomcat/9.0.34]
2020-06-19 14:46:29.360  INFO 13776 --- [restartedMain] o.a.c.c.C.[Tomcat].[localhost].[/]       : Initializing Spring embedded WebApplicationContext
2020-06-19 14:46:29.360  INFO 13776 --- [restartedMain] o.s.web.context.ContextLoader            : Root WebApplicationContext: initialization completed in 229 ms
2020-06-19 14:46:29.490  INFO 13776 --- [restartedMain] o.s.s.concurrent.ThreadPoolTaskExecutor  : Initializing ExecutorService 'applicationTaskExecutor'
2020-06-19 14:46:29.503  INFO 13776 --- [restartedMain] o.s.b.a.w.s.WelcomePageHandlerMapping    : Adding welcome page template: index
2020-06-19 14:46:29.563  INFO 13776 --- [restartedMain] o.s.b.d.a.OptionalLiveReloadServer       : LiveReload server is running on port 35729
2020-06-19 14:46:29.576  INFO 13776 --- [restartedMain] o.s.b.w.embedded.tomcat.TomcatWebServer  : Tomcat started on port(s): 8080 (http) with context path ''
2020-06-19 14:46:29.576  INFO 13776 --- [restartedMain] l.m.c.community.CommunityApplication     : Started CommunityApplication in 0.467 seconds (JVM running for 168.572)
2020-06-19 14:46:29.578  INFO 13776 --- [restartedMain] .ConditionEvaluationDeltaLoggingListener : Condition evaluation unchanged
2020-06-19 14:49:47.768  INFO 13776 --- [Thread-19] o.s.s.concurrent.ThreadPoolTaskExecutor  : Shutting down ExecutorService 'applicationTaskExecutor'
2020-06-19 14:49:48.111  INFO 13776 --- [restartedMain] l.m.c.community.CommunityApplication     : Starting CommunityApplication on LAPTOP-UVI0B15D with PID 13776 (E:\FHT\code\community\target\classes started by fht in E:\FHT\code\community)
2020-06-19 14:49:48.111  INFO 13776 --- [restartedMain] l.m.c.community.CommunityApplication     : No active profile set, falling back to default profiles: default
2020-06-19 14:49:48.313  INFO 13776 --- [restartedMain] o.s.b.w.embedded.tomcat.TomcatWebServer  : Tomcat initialized with port(s): 8080 (http)
2020-06-19 14:49:48.313  INFO 13776 --- [restartedMain] o.apache.catalina.core.StandardService   : Starting service [Tomcat]
2020-06-19 14:49:48.313  INFO 13776 --- [restartedMain] org.apache.catalina.core.StandardEngine  : Starting Servlet engine: [Apache Tomcat/9.0.34]
2020-06-19 14:49:48.324  INFO 13776 --- [restartedMain] o.a.c.c.C.[Tomcat].[localhost].[/]       : Initializing Spring embedded WebApplicationContext
2020-06-19 14:49:48.324  INFO 13776 --- [restartedMain] o.s.web.context.ContextLoader            : Root WebApplicationContext: initialization completed in 212 ms
2020-06-19 14:49:48.444  INFO 13776 --- [restartedMain] o.s.s.concurrent.ThreadPoolTaskExecutor  : Initializing ExecutorService 'applicationTaskExecutor'
2020-06-19 14:49:48.455  INFO 13776 --- [restartedMain] o.s.b.a.w.s.WelcomePageHandlerMapping    : Adding welcome page template: index
2020-06-19 14:49:48.512  INFO 13776 --- [restartedMain] o.s.b.d.a.OptionalLiveReloadServer       : LiveReload server is running on port 35729
2020-06-19 14:49:48.523  INFO 13776 --- [restartedMain] o.s.b.w.embedded.tomcat.TomcatWebServer  : Tomcat started on port(s): 8080 (http) with context path ''
2020-06-19 14:49:48.523  INFO 13776 --- [restartedMain] l.m.c.community.CommunityApplication     : Started CommunityApplication in 0.429 seconds (JVM running for 367.52)
2020-06-19 14:49:48.525  INFO 13776 --- [restartedMain] .ConditionEvaluationDeltaLoggingListener : Condition evaluation unchanged
2020-06-19 14:49:51.018  INFO 13776 --- [Thread-25] o.s.s.concurrent.ThreadPoolTaskExecutor  : Shutting down ExecutorService 'applicationTaskExecutor'
2020-06-19 14:49:51.339  INFO 13776 --- [restartedMain] l.m.c.community.CommunityApplication     : Starting CommunityApplication on LAPTOP-UVI0B15D with PID 13776 (E:\FHT\code\community\target\classes started by fht in E:\FHT\code\community)
2020-06-19 14:49:51.340  INFO 13776 --- [restartedMain] l.m.c.community.CommunityApplication     : No active profile set, falling back to default profiles: default
2020-06-19 14:49:51.539  INFO 13776 --- [restartedMain] o.s.b.w.embedded.tomcat.TomcatWebServer  : Tomcat initialized with port(s): 8080 (http)
2020-06-19 14:49:51.540  INFO 13776 --- [restartedMain] o.apache.catalina.core.StandardService   : Starting service [Tomcat]
2020-06-19 14:49:51.540  INFO 13776 --- [restartedMain] org.apache.catalina.core.StandardEngine  : Starting Servlet engine: [Apache Tomcat/9.0.34]
2020-06-19 14:49:51.550  INFO 13776 --- [restartedMain] o.a.c.c.C.[Tomcat].[localhost].[/]       : Initializing Spring embedded WebApplicationContext
2020-06-19 14:49:51.550  INFO 13776 --- [restartedMain] o.s.web.context.ContextLoader            : Root WebApplicationContext: initialization completed in 209 ms
